2016-04-21  15:56:51 INFO  com.dianru.analysis.boot.BootServer 45 main - server start with pid : -1
2016-04-21  17:44:59 INFO  com.dianru.analysis.boot.BootServer 45 main - server start with pid : -1
2016-04-21  17:47:23 INFO  com.dianru.analysis.boot.BootServer 45 main - server start with pid : -1
2016-04-21  17:48:23 INFO  com.dianru.analysis.boot.util.ReportTimer 18 run - begin report to database...
2016-04-21  17:48:23 INFO  com.dianru.analysis.boot.util.ReportTimer 21 run - count map is empty
2016-04-21  17:49:23 INFO  com.dianru.analysis.boot.util.ReportTimer 18 run - begin report to database...
2016-04-21  17:49:23 INFO  com.dianru.analysis.boot.util.ReportTimer 21 run - count map is empty
2016-04-21  17:50:23 INFO  com.dianru.analysis.boot.util.ReportTimer 18 run - begin report to database...
2016-04-21  17:50:23 INFO  com.dianru.analysis.boot.util.ReportTimer 21 run - count map is empty
2016-04-21  17:52:49 INFO  com.dianru.analysis.boot.BootServer 45 main - server start with pid : -1
2016-04-21  17:53:49 INFO  com.dianru.analysis.boot.util.ReportTimer 18 run - begin report to database...
2016-04-21  17:53:49 INFO  com.dianru.analysis.boot.util.ReportTimer 21 run - count map is empty
2016-04-21  17:54:36 INFO  com.dianru.analysis.boot.util.ObjectCache 43 run - update cache from database
2016-04-21  17:54:49 INFO  com.dianru.analysis.boot.util.ReportTimer 18 run - begin report to database...
2016-04-21  17:54:49 INFO  com.dianru.analysis.boot.util.ReportTimer 21 run - count map is empty
2016-04-21  17:55:36 INFO  com.dianru.analysis.boot.util.ObjectCache 43 run - update cache from database
2016-04-21  17:55:49 INFO  com.dianru.analysis.boot.util.ReportTimer 18 run - begin report to database...
2016-04-21  17:55:49 INFO  com.dianru.analysis.boot.util.ReportTimer 21 run - count map is empty
2016-04-21  17:56:38 INFO  com.dianru.analysis.boot.util.ObjectCache 43 run - update cache from database
2016-04-21  17:56:49 INFO  com.dianru.analysis.boot.util.ReportTimer 18 run - begin report to database...
2016-04-21  17:56:49 INFO  com.dianru.analysis.boot.util.ReportTimer 21 run - count map is empty
2016-04-21  17:57:36 INFO  com.dianru.analysis.boot.util.ObjectCache 43 run - update cache from database
2016-04-21  17:57:49 INFO  com.dianru.analysis.boot.util.ReportTimer 18 run - begin report to database...
2016-04-21  17:57:49 INFO  com.dianru.analysis.boot.util.ReportTimer 21 run - count map is empty
2016-04-21  17:58:37 INFO  com.dianru.analysis.boot.util.ObjectCache 43 run - update cache from database
2016-04-21  17:58:49 INFO  com.dianru.analysis.boot.util.ReportTimer 18 run - begin report to database...
2016-04-21  17:58:49 INFO  com.dianru.analysis.boot.util.ReportTimer 21 run - count map is empty
2016-04-21  17:59:36 INFO  com.dianru.analysis.boot.util.ObjectCache 43 run - update cache from database
2016-04-21  17:59:49 INFO  com.dianru.analysis.boot.util.ReportTimer 18 run - begin report to database...
2016-04-21  17:59:49 INFO  com.dianru.analysis.boot.util.ReportTimer 21 run - count map is empty
2016-04-21  18:00:37 INFO  com.dianru.analysis.boot.util.ObjectCache 43 run - update cache from database
2016-04-21  18:00:49 INFO  com.dianru.analysis.boot.util.ReportTimer 18 run - begin report to database...
2016-04-21  18:00:49 INFO  com.dianru.analysis.boot.util.ReportTimer 21 run - count map is empty
2016-04-21  18:01:40 INFO  com.dianru.analysis.boot.util.ObjectCache 43 run - update cache from database
2016-04-21  18:01:49 INFO  com.dianru.analysis.boot.util.ReportTimer 18 run - begin report to database...
2016-04-21  18:01:49 INFO  com.dianru.analysis.boot.util.ReportTimer 21 run - count map is empty
2016-04-21  18:02:40 INFO  com.dianru.analysis.boot.util.ObjectCache 43 run - update cache from database
2016-04-21  18:02:49 INFO  com.dianru.analysis.boot.util.ReportTimer 18 run - begin report to database...
2016-04-21  18:02:49 INFO  com.dianru.analysis.boot.util.ReportTimer 21 run - count map is empty
2016-04-21  18:03:37 INFO  com.dianru.analysis.boot.util.ObjectCache 43 run - update cache from database
2016-04-21  18:03:49 INFO  com.dianru.analysis.boot.util.ReportTimer 18 run - begin report to database...
2016-04-21  18:03:49 INFO  com.dianru.analysis.boot.util.ReportTimer 21 run - count map is empty
2016-04-21  18:04:37 INFO  com.dianru.analysis.boot.util.ObjectCache 43 run - update cache from database
2016-04-21  18:04:49 INFO  com.dianru.analysis.boot.util.ReportTimer 18 run - begin report to database...
2016-04-21  18:04:49 INFO  com.dianru.analysis.boot.util.ReportTimer 21 run - count map is empty
2016-04-21  18:05:36 INFO  com.dianru.analysis.boot.util.ObjectCache 43 run - update cache from database
2016-04-21  18:05:49 INFO  com.dianru.analysis.boot.util.ReportTimer 18 run - begin report to database...
2016-04-21  18:05:49 INFO  com.dianru.analysis.boot.util.ReportTimer 21 run - count map is empty
2016-04-21  18:06:36 INFO  com.dianru.analysis.boot.util.ObjectCache 43 run - update cache from database
2016-04-21  18:06:49 INFO  com.dianru.analysis.boot.util.ReportTimer 18 run - begin report to database...
2016-04-21  18:06:49 INFO  com.dianru.analysis.boot.util.ReportTimer 21 run - count map is empty
2016-04-21  18:07:37 INFO  com.dianru.analysis.boot.util.ObjectCache 43 run - update cache from database
2016-04-21  18:07:49 INFO  com.dianru.analysis.boot.util.ReportTimer 18 run - begin report to database...
2016-04-21  18:07:49 INFO  com.dianru.analysis.boot.util.ReportTimer 21 run - count map is empty
2016-04-21  18:08:36 INFO  com.dianru.analysis.boot.util.ObjectCache 43 run - update cache from database
2016-04-21  18:08:49 INFO  com.dianru.analysis.boot.util.ReportTimer 18 run - begin report to database...
2016-04-21  18:08:49 INFO  com.dianru.analysis.boot.util.ReportTimer 21 run - count map is empty
2016-04-21  18:09:36 INFO  com.dianru.analysis.boot.util.ObjectCache 43 run - update cache from database
2016-04-21  18:09:49 INFO  com.dianru.analysis.boot.util.ReportTimer 18 run - begin report to database...
2016-04-21  18:09:49 INFO  com.dianru.analysis.boot.util.ReportTimer 21 run - count map is empty
2016-04-21  18:10:36 INFO  com.dianru.analysis.boot.util.ObjectCache 43 run - update cache from database
2016-04-21  18:10:49 INFO  com.dianru.analysis.boot.util.ReportTimer 18 run - begin report to database...
2016-04-21  18:10:49 INFO  com.dianru.analysis.boot.util.ReportTimer 21 run - count map is empty
2016-04-21  18:11:36 INFO  com.dianru.analysis.boot.util.ObjectCache 43 run - update cache from database
2016-04-21  18:11:49 INFO  com.dianru.analysis.boot.util.ReportTimer 18 run - begin report to database...
2016-04-21  18:11:49 INFO  com.dianru.analysis.boot.util.ReportTimer 21 run - count map is empty
2016-04-21  18:12:36 INFO  com.dianru.analysis.boot.util.ObjectCache 43 run - update cache from database
2016-04-21  18:12:49 INFO  com.dianru.analysis.boot.util.ReportTimer 18 run - begin report to database...
2016-04-21  18:12:49 INFO  com.dianru.analysis.boot.util.ReportTimer 21 run - count map is empty
2016-04-21  18:13:37 INFO  com.dianru.analysis.boot.util.ObjectCache 43 run - update cache from database
2016-04-21  18:13:49 INFO  com.dianru.analysis.boot.util.ReportTimer 18 run - begin report to database...
2016-04-21  18:13:49 INFO  com.dianru.analysis.boot.util.ReportTimer 21 run - count map is empty
2016-04-21  18:14:36 INFO  com.dianru.analysis.boot.util.ObjectCache 43 run - update cache from database
2016-04-21  18:14:49 INFO  com.dianru.analysis.boot.util.ReportTimer 18 run - begin report to database...
2016-04-21  18:14:49 INFO  com.dianru.analysis.boot.util.ReportTimer 21 run - count map is empty
2016-04-21  18:15:36 INFO  com.dianru.analysis.boot.util.ObjectCache 43 run - update cache from database
2016-04-21  18:15:49 INFO  com.dianru.analysis.boot.util.ReportTimer 18 run - begin report to database...
2016-04-21  18:15:49 INFO  com.dianru.analysis.boot.util.ReportTimer 21 run - count map is empty
2016-04-21  18:16:36 INFO  com.dianru.analysis.boot.util.ObjectCache 43 run - update cache from database
2016-04-21  18:16:49 INFO  com.dianru.analysis.boot.util.ReportTimer 18 run - begin report to database...
2016-04-21  18:16:49 INFO  com.dianru.analysis.boot.util.ReportTimer 21 run - count map is empty
2016-04-21  18:17:36 INFO  com.dianru.analysis.boot.util.ObjectCache 43 run - update cache from database
2016-04-21  18:17:49 INFO  com.dianru.analysis.boot.util.ReportTimer 18 run - begin report to database...
2016-04-21  18:17:49 INFO  com.dianru.analysis.boot.util.ReportTimer 21 run - count map is empty
2016-04-21  18:18:36 INFO  com.dianru.analysis.boot.util.ObjectCache 43 run - update cache from database
2016-04-21  18:18:49 INFO  com.dianru.analysis.boot.util.ReportTimer 18 run - begin report to database...
2016-04-21  18:18:49 INFO  com.dianru.analysis.boot.util.ReportTimer 21 run - count map is empty
2016-04-21  18:19:36 INFO  com.dianru.analysis.boot.util.ObjectCache 43 run - update cache from database
2016-04-21  18:19:49 INFO  com.dianru.analysis.boot.util.ReportTimer 18 run - begin report to database...
2016-04-21  18:19:49 INFO  com.dianru.analysis.boot.util.ReportTimer 21 run - count map is empty
2016-04-21  18:20:36 INFO  com.dianru.analysis.boot.util.ObjectCache 43 run - update cache from database
2016-04-21  18:20:49 INFO  com.dianru.analysis.boot.util.ReportTimer 18 run - begin report to database...
2016-04-21  18:20:49 INFO  com.dianru.analysis.boot.util.ReportTimer 21 run - count map is empty
2016-04-21  18:21:36 INFO  com.dianru.analysis.boot.util.ObjectCache 43 run - update cache from database
2016-04-21  18:21:49 INFO  com.dianru.analysis.boot.util.ReportTimer 18 run - begin report to database...
2016-04-21  18:21:49 INFO  com.dianru.analysis.boot.util.ReportTimer 21 run - count map is empty
2016-04-21  18:22:36 INFO  com.dianru.analysis.boot.util.ObjectCache 43 run - update cache from database
2016-04-21  18:22:49 INFO  com.dianru.analysis.boot.util.ReportTimer 18 run - begin report to database...
2016-04-21  18:22:49 INFO  com.dianru.analysis.boot.util.ReportTimer 21 run - count map is empty
2016-04-21  18:23:36 INFO  com.dianru.analysis.boot.util.ObjectCache 43 run - update cache from database
2016-04-21  18:23:49 INFO  com.dianru.analysis.boot.util.ReportTimer 18 run - begin report to database...
2016-04-21  18:23:49 INFO  com.dianru.analysis.boot.util.ReportTimer 21 run - count map is empty
2016-04-21  18:24:36 INFO  com.dianru.analysis.boot.util.ObjectCache 43 run - update cache from database
2016-04-21  18:24:49 INFO  com.dianru.analysis.boot.util.ReportTimer 18 run - begin report to database...
2016-04-21  18:24:49 INFO  com.dianru.analysis.boot.util.ReportTimer 21 run - count map is empty
2016-04-21  18:25:36 INFO  com.dianru.analysis.boot.util.ObjectCache 43 run - update cache from database
2016-04-21  18:25:49 INFO  com.dianru.analysis.boot.util.ReportTimer 18 run - begin report to database...
2016-04-21  18:25:49 INFO  com.dianru.analysis.boot.util.ReportTimer 21 run - count map is empty
2016-04-21  18:26:36 INFO  com.dianru.analysis.boot.util.ObjectCache 43 run - update cache from database
2016-04-21  18:26:49 INFO  com.dianru.analysis.boot.util.ReportTimer 18 run - begin report to database...
2016-04-21  18:26:49 INFO  com.dianru.analysis.boot.util.ReportTimer 21 run - count map is empty
2016-04-21  18:27:36 INFO  com.dianru.analysis.boot.util.ObjectCache 43 run - update cache from database
2016-04-21  18:27:49 INFO  com.dianru.analysis.boot.util.ReportTimer 18 run - begin report to database...
2016-04-21  18:27:49 INFO  com.dianru.analysis.boot.util.ReportTimer 21 run - count map is empty
2016-04-21  18:28:36 INFO  com.dianru.analysis.boot.util.ObjectCache 43 run - update cache from database
2016-04-21  18:28:49 INFO  com.dianru.analysis.boot.util.ReportTimer 18 run - begin report to database...
2016-04-21  18:28:49 INFO  com.dianru.analysis.boot.util.ReportTimer 21 run - count map is empty
2016-04-21  18:29:36 INFO  com.dianru.analysis.boot.util.ObjectCache 43 run - update cache from database
2016-04-21  18:29:49 INFO  com.dianru.analysis.boot.util.ReportTimer 18 run - begin report to database...
2016-04-21  18:29:49 INFO  com.dianru.analysis.boot.util.ReportTimer 21 run - count map is empty
2016-04-21  18:30:36 INFO  com.dianru.analysis.boot.util.ObjectCache 43 run - update cache from database
2016-04-21  18:30:49 INFO  com.dianru.analysis.boot.util.ReportTimer 18 run - begin report to database...
2016-04-21  18:30:49 INFO  com.dianru.analysis.boot.util.ReportTimer 21 run - count map is empty
2016-04-21  18:31:36 INFO  com.dianru.analysis.boot.util.ObjectCache 43 run - update cache from database
2016-04-21  18:31:49 INFO  com.dianru.analysis.boot.util.ReportTimer 18 run - begin report to database...
2016-04-21  18:31:49 INFO  com.dianru.analysis.boot.util.ReportTimer 21 run - count map is empty
2016-04-21  18:32:36 INFO  com.dianru.analysis.boot.util.ObjectCache 43 run - update cache from database
2016-04-21  18:32:49 INFO  com.dianru.analysis.boot.util.ReportTimer 18 run - begin report to database...
2016-04-21  18:32:49 INFO  com.dianru.analysis.boot.util.ReportTimer 21 run - count map is empty
2016-04-21  18:33:36 INFO  com.dianru.analysis.boot.util.ObjectCache 43 run - update cache from database
2016-04-21  18:33:49 INFO  com.dianru.analysis.boot.util.ReportTimer 18 run - begin report to database...
2016-04-21  18:33:49 INFO  com.dianru.analysis.boot.util.ReportTimer 21 run - count map is empty
2016-04-21  18:34:37 INFO  com.dianru.analysis.boot.util.ObjectCache 43 run - update cache from database
2016-04-21  18:34:49 INFO  com.dianru.analysis.boot.util.ReportTimer 18 run - begin report to database...
2016-04-21  18:34:49 INFO  com.dianru.analysis.boot.util.ReportTimer 21 run - count map is empty
2016-04-21  18:35:36 INFO  com.dianru.analysis.boot.util.ObjectCache 43 run - update cache from database
2016-04-21  18:35:49 INFO  com.dianru.analysis.boot.util.ReportTimer 18 run - begin report to database...
2016-04-21  18:35:49 INFO  com.dianru.analysis.boot.util.ReportTimer 21 run - count map is empty
2016-04-21  18:36:36 INFO  com.dianru.analysis.boot.util.ObjectCache 43 run - update cache from database
2016-04-21  18:36:49 INFO  com.dianru.analysis.boot.util.ReportTimer 18 run - begin report to database...
2016-04-21  18:36:49 INFO  com.dianru.analysis.boot.util.ReportTimer 21 run - count map is empty
2016-04-21  18:37:36 INFO  com.dianru.analysis.boot.util.ObjectCache 43 run - update cache from database
2016-04-21  18:37:49 INFO  com.dianru.analysis.boot.util.ReportTimer 18 run - begin report to database...
2016-04-21  18:37:49 INFO  com.dianru.analysis.boot.util.ReportTimer 21 run - count map is empty
2016-04-21  18:38:36 INFO  com.dianru.analysis.boot.util.ObjectCache 43 run - update cache from database
2016-04-21  18:38:49 INFO  com.dianru.analysis.boot.util.ReportTimer 18 run - begin report to database...
2016-04-21  18:38:49 INFO  com.dianru.analysis.boot.util.ReportTimer 21 run - count map is empty
2016-04-21  18:39:36 INFO  com.dianru.analysis.boot.util.ObjectCache 43 run - update cache from database
2016-04-21  18:39:49 INFO  com.dianru.analysis.boot.util.ReportTimer 18 run - begin report to database...
2016-04-21  18:39:49 INFO  com.dianru.analysis.boot.util.ReportTimer 21 run - count map is empty
2016-04-21  18:40:36 INFO  com.dianru.analysis.boot.util.ObjectCache 43 run - update cache from database
2016-04-21  18:40:49 INFO  com.dianru.analysis.boot.util.ReportTimer 18 run - begin report to database...
2016-04-21  18:40:49 INFO  com.dianru.analysis.boot.util.ReportTimer 21 run - count map is empty
2016-04-21  18:41:36 INFO  com.dianru.analysis.boot.util.ObjectCache 43 run - update cache from database
2016-04-21  18:41:49 INFO  com.dianru.analysis.boot.util.ReportTimer 18 run - begin report to database...
2016-04-21  18:41:49 INFO  com.dianru.analysis.boot.util.ReportTimer 21 run - count map is empty
2016-04-21  18:42:36 INFO  com.dianru.analysis.boot.util.ObjectCache 43 run - update cache from database
2016-04-21  18:42:49 INFO  com.dianru.analysis.boot.util.ReportTimer 18 run - begin report to database...
2016-04-21  18:42:49 INFO  com.dianru.analysis.boot.util.ReportTimer 21 run - count map is empty
2016-04-21  18:43:36 INFO  com.dianru.analysis.boot.util.ObjectCache 43 run - update cache from database
2016-04-21  18:43:49 INFO  com.dianru.analysis.boot.util.ReportTimer 18 run - begin report to database...
2016-04-21  18:43:49 INFO  com.dianru.analysis.boot.util.ReportTimer 21 run - count map is empty
2016-04-21  18:44:36 INFO  com.dianru.analysis.boot.util.ObjectCache 43 run - update cache from database
2016-04-21  18:44:49 INFO  com.dianru.analysis.boot.util.ReportTimer 18 run - begin report to database...
2016-04-21  18:44:49 INFO  com.dianru.analysis.boot.util.ReportTimer 21 run - count map is empty
2016-04-21  18:45:36 INFO  com.dianru.analysis.boot.util.ObjectCache 43 run - update cache from database
2016-04-21  18:45:49 INFO  com.dianru.analysis.boot.util.ReportTimer 18 run - begin report to database...
2016-04-21  18:45:49 INFO  com.dianru.analysis.boot.util.ReportTimer 21 run - count map is empty
2016-04-21  18:46:36 INFO  com.dianru.analysis.boot.util.ObjectCache 43 run - update cache from database
2016-04-21  18:46:49 INFO  com.dianru.analysis.boot.util.ReportTimer 18 run - begin report to database...
2016-04-21  18:46:49 INFO  com.dianru.analysis.boot.util.ReportTimer 21 run - count map is empty
2016-04-21  18:47:36 INFO  com.dianru.analysis.boot.util.ObjectCache 43 run - update cache from database
2016-04-21  18:47:49 INFO  com.dianru.analysis.boot.util.ReportTimer 18 run - begin report to database...
2016-04-21  18:47:49 INFO  com.dianru.analysis.boot.util.ReportTimer 21 run - count map is empty
2016-04-21  18:48:36 INFO  com.dianru.analysis.boot.util.ObjectCache 43 run - update cache from database
2016-04-21  18:48:49 INFO  com.dianru.analysis.boot.util.ReportTimer 18 run - begin report to database...
2016-04-21  18:48:49 INFO  com.dianru.analysis.boot.util.ReportTimer 21 run - count map is empty
2016-04-21  18:49:36 INFO  com.dianru.analysis.boot.util.ObjectCache 43 run - update cache from database
2016-04-21  18:49:49 INFO  com.dianru.analysis.boot.util.ReportTimer 18 run - begin report to database...
2016-04-21  18:49:49 INFO  com.dianru.analysis.boot.util.ReportTimer 21 run - count map is empty
2016-04-21  18:50:36 INFO  com.dianru.analysis.boot.util.ObjectCache 43 run - update cache from database
2016-04-21  18:50:49 INFO  com.dianru.analysis.boot.util.ReportTimer 18 run - begin report to database...
2016-04-21  18:50:49 INFO  com.dianru.analysis.boot.util.ReportTimer 21 run - count map is empty
2016-04-21  18:51:36 INFO  com.dianru.analysis.boot.util.ObjectCache 43 run - update cache from database
2016-04-21  18:51:49 INFO  com.dianru.analysis.boot.util.ReportTimer 18 run - begin report to database...
2016-04-21  18:51:49 INFO  com.dianru.analysis.boot.util.ReportTimer 21 run - count map is empty
2016-04-21  18:52:36 INFO  com.dianru.analysis.boot.util.ObjectCache 43 run - update cache from database
2016-04-21  18:52:49 INFO  com.dianru.analysis.boot.util.ReportTimer 18 run - begin report to database...
2016-04-21  18:52:49 INFO  com.dianru.analysis.boot.util.ReportTimer 21 run - count map is empty
2016-04-21  18:53:36 INFO  com.dianru.analysis.boot.util.ObjectCache 43 run - update cache from database
2016-04-21  18:53:49 INFO  com.dianru.analysis.boot.util.ReportTimer 18 run - begin report to database...
2016-04-21  18:53:49 INFO  com.dianru.analysis.boot.util.ReportTimer 21 run - count map is empty
2016-04-26  14:08:08 INFO  com.dianru.analysis.boot.BootServer 45 main - server start with pid : 4596
2016-04-26  14:41:10 INFO  com.dianru.analysis.boot.BootServer 45 main - server start with pid : -1
2016-04-26  14:43:28 INFO  com.dianru.analysis.boot.util.ReportTimer 18 run - begin report to database...
2016-04-26  14:43:28 INFO  com.dianru.analysis.boot.util.ReportTimer 21 run - count map is empty
2016-04-26  14:44:28 INFO  com.dianru.analysis.boot.util.ReportTimer 18 run - begin report to database...
2016-04-26  14:44:28 INFO  com.dianru.analysis.boot.util.ReportTimer 21 run - count map is empty
2016-04-26  15:12:56 INFO  com.dianru.analysis.boot.BootServer 45 main - server start with pid : 13676
2016-04-26  15:20:10 INFO  com.dianru.analysis.boot.BootServer 45 main - server start with pid : 12616
2016-04-26  15:21:48 INFO  com.dianru.analysis.boot.BootServer 45 main - server start with pid : 14016
2016-04-26  15:22:49 INFO  com.dianru.analysis.boot.util.ReportTimer 18 run - begin report to database...
2016-04-26  15:22:49 INFO  com.dianru.analysis.boot.util.ReportTimer 21 run - count map is empty
2016-04-26  15:23:49 INFO  com.dianru.analysis.boot.util.ReportTimer 18 run - begin report to database...
2016-04-26  15:23:49 INFO  com.dianru.analysis.boot.util.ReportTimer 21 run - count map is empty
2016-04-26  15:24:49 INFO  com.dianru.analysis.boot.util.ReportTimer 18 run - begin report to database...
2016-04-26  15:24:49 INFO  com.dianru.analysis.boot.util.ReportTimer 21 run - count map is empty
2016-04-26  15:25:49 INFO  com.dianru.analysis.boot.util.ReportTimer 18 run - begin report to database...
2016-04-26  15:25:49 INFO  com.dianru.analysis.boot.util.ReportTimer 21 run - count map is empty
2016-04-26  15:26:49 INFO  com.dianru.analysis.boot.util.ReportTimer 18 run - begin report to database...
2016-04-26  15:26:49 INFO  com.dianru.analysis.boot.util.ReportTimer 21 run - count map is empty
2016-04-26  15:27:49 INFO  com.dianru.analysis.boot.util.ReportTimer 18 run - begin report to database...
2016-04-26  15:27:49 INFO  com.dianru.analysis.boot.util.ReportTimer 21 run - count map is empty
2016-04-26  15:28:49 INFO  com.dianru.analysis.boot.util.ReportTimer 18 run - begin report to database...
2016-04-26  15:28:49 INFO  com.dianru.analysis.boot.util.ReportTimer 21 run - count map is empty
2016-04-26  15:29:49 INFO  com.dianru.analysis.boot.util.ReportTimer 18 run - begin report to database...
2016-04-26  15:29:49 INFO  com.dianru.analysis.boot.util.ReportTimer 21 run - count map is empty
2016-04-26  15:30:49 INFO  com.dianru.analysis.boot.util.ReportTimer 18 run - begin report to database...
2016-04-26  15:30:49 INFO  com.dianru.analysis.boot.util.ReportTimer 21 run - count map is empty
2016-04-26  15:31:49 INFO  com.dianru.analysis.boot.util.ReportTimer 18 run - begin report to database...
2016-04-26  15:31:49 INFO  com.dianru.analysis.boot.util.ReportTimer 21 run - count map is empty
2016-04-26  15:32:49 INFO  com.dianru.analysis.boot.util.ReportTimer 18 run - begin report to database...
2016-04-26  15:32:49 INFO  com.dianru.analysis.boot.util.ReportTimer 21 run - count map is empty
2016-04-26  15:33:49 INFO  com.dianru.analysis.boot.util.ReportTimer 18 run - begin report to database...
2016-04-26  15:33:49 INFO  com.dianru.analysis.boot.util.ReportTimer 21 run - count map is empty
2016-04-26  15:34:49 INFO  com.dianru.analysis.boot.util.ReportTimer 18 run - begin report to database...
2016-04-26  15:34:49 INFO  com.dianru.analysis.boot.util.ReportTimer 21 run - count map is empty
2016-04-26  15:35:49 INFO  com.dianru.analysis.boot.util.ReportTimer 18 run - begin report to database...
2016-04-26  15:35:49 INFO  com.dianru.analysis.boot.util.ReportTimer 21 run - count map is empty
2016-04-26  15:36:49 INFO  com.dianru.analysis.boot.util.ReportTimer 18 run - begin report to database...
2016-04-26  15:36:49 INFO  com.dianru.analysis.boot.util.ReportTimer 21 run - count map is empty
2016-04-26  15:37:49 INFO  com.dianru.analysis.boot.util.ReportTimer 18 run - begin report to database...
2016-04-26  15:37:49 INFO  com.dianru.analysis.boot.util.ReportTimer 21 run - count map is empty
2016-04-26  15:38:49 INFO  com.dianru.analysis.boot.util.ReportTimer 18 run - begin report to database...
2016-04-26  15:38:49 INFO  com.dianru.analysis.boot.util.ReportTimer 21 run - count map is empty
2016-04-26  15:39:49 INFO  com.dianru.analysis.boot.util.ReportTimer 18 run - begin report to database...
2016-04-26  15:39:49 INFO  com.dianru.analysis.boot.util.ReportTimer 21 run - count map is empty
2016-04-26  15:40:49 INFO  com.dianru.analysis.boot.util.ReportTimer 18 run - begin report to database...
2016-04-26  15:40:49 INFO  com.dianru.analysis.boot.util.ReportTimer 21 run - count map is empty
2016-04-26  15:41:49 INFO  com.dianru.analysis.boot.util.ReportTimer 18 run - begin report to database...
2016-04-26  15:41:49 INFO  com.dianru.analysis.boot.util.ReportTimer 21 run - count map is empty
2016-04-26  15:42:49 INFO  com.dianru.analysis.boot.util.ReportTimer 18 run - begin report to database...
2016-04-26  15:42:49 INFO  com.dianru.analysis.boot.util.ReportTimer 21 run - count map is empty
2016-04-26  15:43:49 INFO  com.dianru.analysis.boot.util.ReportTimer 18 run - begin report to database...
2016-04-26  15:43:49 INFO  com.dianru.analysis.boot.util.ReportTimer 21 run - count map is empty
2016-04-26  15:44:49 INFO  com.dianru.analysis.boot.util.ReportTimer 18 run - begin report to database...
2016-04-26  15:44:49 INFO  com.dianru.analysis.boot.util.ReportTimer 21 run - count map is empty
2016-04-26  15:45:49 INFO  com.dianru.analysis.boot.util.ReportTimer 18 run - begin report to database...
2016-04-26  15:45:49 INFO  com.dianru.analysis.boot.util.ReportTimer 21 run - count map is empty
2016-04-26  15:46:10 INFO  com.dianru.analysis.boot.BootServer 45 main - server start with pid : 10772
2016-04-26  15:46:43 INFO  com.dianru.analysis.boot.BootServer 45 main - server start with pid : 10912
2016-04-26  15:46:49 INFO  com.dianru.analysis.boot.util.ReportTimer 18 run - begin report to database...
2016-04-26  15:46:49 INFO  com.dianru.analysis.boot.util.ReportTimer 21 run - count map is empty
2016-04-26  15:47:10 INFO  com.dianru.analysis.boot.util.ReportTimer 18 run - begin report to database...
2016-04-26  15:47:10 INFO  com.dianru.analysis.boot.util.ReportTimer 21 run - count map is empty
2016-04-26  15:50:01 INFO  com.dianru.analysis.boot.BootServer 45 main - server start with pid : 4596
2016-04-26  15:51:01 INFO  com.dianru.analysis.boot.util.ReportTimer 18 run - begin report to database...
2016-04-26  15:51:01 INFO  com.dianru.analysis.boot.util.ReportTimer 21 run - count map is empty
2016-04-26  15:52:01 INFO  com.dianru.analysis.boot.util.ReportTimer 18 run - begin report to database...
2016-04-26  15:52:01 INFO  com.dianru.analysis.boot.util.ReportTimer 21 run - count map is empty
2016-04-26  15:53:01 INFO  com.dianru.analysis.boot.util.ReportTimer 18 run - begin report to database...
2016-04-26  15:53:01 INFO  com.dianru.analysis.boot.util.ReportTimer 21 run - count map is empty
2016-04-26  15:54:01 INFO  com.dianru.analysis.boot.util.ReportTimer 18 run - begin report to database...
2016-04-26  15:54:01 INFO  com.dianru.analysis.boot.util.ReportTimer 21 run - count map is empty
2016-04-26  15:55:01 INFO  com.dianru.analysis.boot.util.ReportTimer 18 run - begin report to database...
2016-04-26  15:55:01 INFO  com.dianru.analysis.boot.util.ReportTimer 21 run - count map is empty
2016-04-26  15:56:01 INFO  com.dianru.analysis.boot.util.ReportTimer 18 run - begin report to database...
2016-04-26  15:56:01 INFO  com.dianru.analysis.boot.util.ReportTimer 21 run - count map is empty
2016-04-26  17:04:07 INFO  com.dianru.analysis.boot.BootServer 45 main - server start with pid : 13200
2016-04-26  17:05:07 INFO  com.dianru.analysis.boot.util.ReportTimer 18 run - begin report to database...
2016-04-26  17:05:07 INFO  com.dianru.analysis.boot.util.ReportTimer 21 run - count map is empty
2016-04-26  17:05:10 INFO  com.dianru.analysis.boot.util.ObjectCache 43 run - update cache from database
2016-04-26  17:06:07 INFO  com.dianru.analysis.boot.util.ReportTimer 18 run - begin report to database...
2016-04-26  17:06:07 INFO  com.dianru.analysis.boot.util.ReportTimer 21 run - count map is empty
2016-04-26  17:06:10 INFO  com.dianru.analysis.boot.util.ObjectCache 43 run - update cache from database
2016-04-26  17:07:07 INFO  com.dianru.analysis.boot.util.ReportTimer 18 run - begin report to database...
2016-04-26  17:07:07 INFO  com.dianru.analysis.boot.util.ReportTimer 21 run - count map is empty
2016-04-26  17:07:10 INFO  com.dianru.analysis.boot.util.ObjectCache 43 run - update cache from database
2016-04-26  17:08:07 INFO  com.dianru.analysis.boot.util.ReportTimer 18 run - begin report to database...
2016-04-26  17:08:07 INFO  com.dianru.analysis.boot.util.ReportTimer 21 run - count map is empty
2016-04-26  17:08:10 INFO  com.dianru.analysis.boot.util.ObjectCache 43 run - update cache from database
2016-04-26  17:09:07 INFO  com.dianru.analysis.boot.util.ReportTimer 18 run - begin report to database...
2016-04-26  17:09:07 INFO  com.dianru.analysis.boot.util.ReportTimer 21 run - count map is empty
2016-04-26  17:09:10 INFO  com.dianru.analysis.boot.util.ObjectCache 43 run - update cache from database
2016-04-26  17:10:07 INFO  com.dianru.analysis.boot.util.ReportTimer 18 run - begin report to database...
2016-04-26  17:10:07 INFO  com.dianru.analysis.boot.util.ReportTimer 21 run - count map is empty
2016-04-26  17:10:10 INFO  com.dianru.analysis.boot.util.ObjectCache 43 run - update cache from database
2016-04-26  17:11:07 INFO  com.dianru.analysis.boot.util.ReportTimer 18 run - begin report to database...
2016-04-26  17:11:07 INFO  com.dianru.analysis.boot.util.ReportTimer 21 run - count map is empty
2016-04-26  17:11:10 INFO  com.dianru.analysis.boot.util.ObjectCache 43 run - update cache from database
2016-04-26  17:12:07 INFO  com.dianru.analysis.boot.util.ReportTimer 18 run - begin report to database...
2016-04-26  17:12:07 INFO  com.dianru.analysis.boot.util.ReportTimer 21 run - count map is empty
2016-04-26  17:12:10 INFO  com.dianru.analysis.boot.util.ObjectCache 43 run - update cache from database
2016-04-26  17:13:07 INFO  com.dianru.analysis.boot.util.ReportTimer 18 run - begin report to database...
2016-04-26  17:13:07 INFO  com.dianru.analysis.boot.util.ReportTimer 21 run - count map is empty
2016-04-26  17:13:09 INFO  com.dianru.analysis.boot.util.ObjectCache 43 run - update cache from database
2016-04-26  17:14:07 INFO  com.dianru.analysis.boot.util.ReportTimer 18 run - begin report to database...
2016-04-26  17:14:07 INFO  com.dianru.analysis.boot.util.ReportTimer 21 run - count map is empty
2016-04-26  17:14:10 INFO  com.dianru.analysis.boot.util.ObjectCache 43 run - update cache from database
2016-04-26  17:15:07 INFO  com.dianru.analysis.boot.util.ReportTimer 18 run - begin report to database...
2016-04-26  17:15:07 INFO  com.dianru.analysis.boot.util.ReportTimer 21 run - count map is empty
2016-04-26  17:15:10 INFO  com.dianru.analysis.boot.util.ObjectCache 43 run - update cache from database
2016-04-26  17:16:07 INFO  com.dianru.analysis.boot.util.ReportTimer 18 run - begin report to database...
2016-04-26  17:16:07 INFO  com.dianru.analysis.boot.util.ReportTimer 28 run - report to database done
2016-04-26  17:16:10 INFO  com.dianru.analysis.boot.util.ObjectCache 43 run - update cache from database
2016-04-26  17:17:07 INFO  com.dianru.analysis.boot.util.ReportTimer 18 run - begin report to database...
2016-04-26  17:17:07 INFO  com.dianru.analysis.boot.util.ReportTimer 28 run - report to database done
2016-04-26  17:17:09 INFO  com.dianru.analysis.boot.util.ObjectCache 43 run - update cache from database
2016-04-26  17:18:07 INFO  com.dianru.analysis.boot.util.ReportTimer 18 run - begin report to database...
2016-04-26  17:18:07 INFO  com.dianru.analysis.boot.util.ReportTimer 28 run - report to database done
2016-04-26  17:18:09 INFO  com.dianru.analysis.boot.util.ObjectCache 43 run - update cache from database
2016-04-26  17:19:07 INFO  com.dianru.analysis.boot.util.ReportTimer 18 run - begin report to database...
2016-04-26  17:19:07 INFO  com.dianru.analysis.boot.util.ReportTimer 28 run - report to database done
2016-04-26  17:19:10 INFO  com.dianru.analysis.boot.util.ObjectCache 43 run - update cache from database
2016-04-26  17:20:07 INFO  com.dianru.analysis.boot.util.ReportTimer 18 run - begin report to database...
2016-04-26  17:20:07 INFO  com.dianru.analysis.boot.util.ReportTimer 28 run - report to database done
2016-04-26  17:20:10 INFO  com.dianru.analysis.boot.util.ObjectCache 43 run - update cache from database
2016-04-26  17:21:18 INFO  com.dianru.analysis.boot.BootServer 45 main - server start with pid : 4720
2016-04-26  17:22:18 INFO  com.dianru.analysis.boot.util.ReportTimer 18 run - begin report to database...
2016-04-26  17:22:18 INFO  com.dianru.analysis.boot.util.ReportTimer 28 run - report to database done
2016-04-26  17:22:20 INFO  com.dianru.analysis.boot.util.ObjectCache 43 run - update cache from database
2016-04-26  17:23:18 INFO  com.dianru.analysis.boot.util.ReportTimer 18 run - begin report to database...
2016-04-26  17:23:18 INFO  com.dianru.analysis.boot.util.ReportTimer 28 run - report to database done
2016-04-26  17:23:20 INFO  com.dianru.analysis.boot.util.ObjectCache 43 run - update cache from database
2016-04-26  17:24:18 INFO  com.dianru.analysis.boot.util.ReportTimer 18 run - begin report to database...
2016-04-26  17:24:18 INFO  com.dianru.analysis.boot.util.ReportTimer 28 run - report to database done
2016-04-26  17:24:20 INFO  com.dianru.analysis.boot.util.ObjectCache 43 run - update cache from database
2016-04-26  17:25:18 INFO  com.dianru.analysis.boot.util.ReportTimer 18 run - begin report to database...
2016-04-26  17:25:18 INFO  com.dianru.analysis.boot.util.ReportTimer 28 run - report to database done
2016-04-26  17:25:20 INFO  com.dianru.analysis.boot.util.ObjectCache 43 run - update cache from database
2016-04-26  17:26:18 INFO  com.dianru.analysis.boot.util.ReportTimer 18 run - begin report to database...
2016-04-26  17:26:18 INFO  com.dianru.analysis.boot.util.ReportTimer 28 run - report to database done
2016-04-26  17:26:20 INFO  com.dianru.analysis.boot.util.ObjectCache 43 run - update cache from database
2016-04-26  17:27:18 INFO  com.dianru.analysis.boot.util.ReportTimer 18 run - begin report to database...
2016-04-26  17:27:18 INFO  com.dianru.analysis.boot.util.ReportTimer 28 run - report to database done
2016-04-26  17:27:20 INFO  com.dianru.analysis.boot.util.ObjectCache 43 run - update cache from database
2016-04-26  17:28:18 INFO  com.dianru.analysis.boot.util.ReportTimer 18 run - begin report to database...
2016-04-26  17:28:18 INFO  com.dianru.analysis.boot.util.ReportTimer 28 run - report to database done
2016-04-26  17:28:20 INFO  com.dianru.analysis.boot.util.ObjectCache 43 run - update cache from database
2016-04-26  17:29:18 INFO  com.dianru.analysis.boot.util.ReportTimer 18 run - begin report to database...
2016-04-26  17:29:18 INFO  com.dianru.analysis.boot.util.ReportTimer 28 run - report to database done
2016-04-26  17:29:20 INFO  com.dianru.analysis.boot.util.ObjectCache 43 run - update cache from database
2016-04-26  17:30:18 INFO  com.dianru.analysis.boot.util.ReportTimer 18 run - begin report to database...
2016-04-26  17:30:18 INFO  com.dianru.analysis.boot.util.ReportTimer 28 run - report to database done
2016-04-26  17:30:20 INFO  com.dianru.analysis.boot.util.ObjectCache 43 run - update cache from database
2016-04-26  17:31:18 INFO  com.dianru.analysis.boot.util.ReportTimer 18 run - begin report to database...
2016-04-26  17:31:18 INFO  com.dianru.analysis.boot.util.ReportTimer 28 run - report to database done
2016-04-26  17:31:20 INFO  com.dianru.analysis.boot.util.ObjectCache 43 run - update cache from database
2016-04-26  17:32:18 INFO  com.dianru.analysis.boot.util.ReportTimer 18 run - begin report to database...
2016-04-26  17:32:18 INFO  com.dianru.analysis.boot.util.ReportTimer 28 run - report to database done
2016-04-26  17:32:20 INFO  com.dianru.analysis.boot.util.ObjectCache 43 run - update cache from database
2016-04-26  17:33:18 INFO  com.dianru.analysis.boot.util.ReportTimer 18 run - begin report to database...
2016-04-26  17:33:18 INFO  com.dianru.analysis.boot.util.ReportTimer 28 run - report to database done
2016-04-26  17:33:20 INFO  com.dianru.analysis.boot.util.ObjectCache 43 run - update cache from database
2016-04-26  17:34:18 INFO  com.dianru.analysis.boot.util.ReportTimer 18 run - begin report to database...
2016-04-26  17:34:18 INFO  com.dianru.analysis.boot.util.ReportTimer 28 run - report to database done
2016-04-26  17:34:20 INFO  com.dianru.analysis.boot.util.ObjectCache 43 run - update cache from database
2016-04-26  17:35:18 INFO  com.dianru.analysis.boot.util.ReportTimer 18 run - begin report to database...
2016-04-26  17:35:18 INFO  com.dianru.analysis.boot.util.ReportTimer 28 run - report to database done
2016-04-26  17:35:20 INFO  com.dianru.analysis.boot.util.ObjectCache 43 run - update cache from database
2016-04-26  18:46:26 INFO  com.dianru.analysis.boot.BootServer 45 main - server start with pid : 13488
2016-04-26  18:47:26 INFO  com.dianru.analysis.boot.util.ReportTimer 18 run - begin report to database...
2016-04-26  18:47:26 INFO  com.dianru.analysis.boot.util.ReportTimer 21 run - count map is empty
2016-04-26  18:47:29 INFO  com.dianru.analysis.boot.util.ObjectCache 43 run - update cache from database
2016-04-26  18:48:26 INFO  com.dianru.analysis.boot.util.ReportTimer 18 run - begin report to database...
2016-04-26  18:48:26 INFO  com.dianru.analysis.boot.util.ReportTimer 21 run - count map is empty
2016-04-26  18:48:29 INFO  com.dianru.analysis.boot.util.ObjectCache 43 run - update cache from database
2016-04-26  18:49:26 INFO  com.dianru.analysis.boot.util.ReportTimer 18 run - begin report to database...
2016-04-26  18:49:26 INFO  com.dianru.analysis.boot.util.ReportTimer 21 run - count map is empty
2016-04-26  18:49:29 INFO  com.dianru.analysis.boot.util.ObjectCache 43 run - update cache from database
2016-04-26  18:50:26 INFO  com.dianru.analysis.boot.util.ReportTimer 18 run - begin report to database...
2016-04-26  18:50:26 INFO  com.dianru.analysis.boot.util.ReportTimer 21 run - count map is empty
2016-04-26  18:50:29 INFO  com.dianru.analysis.boot.util.ObjectCache 43 run - update cache from database
2016-04-26  18:51:26 INFO  com.dianru.analysis.boot.util.ReportTimer 18 run - begin report to database...
2016-04-26  18:51:26 INFO  com.dianru.analysis.boot.util.ReportTimer 21 run - count map is empty
2016-04-26  18:51:29 INFO  com.dianru.analysis.boot.util.ObjectCache 43 run - update cache from database
2016-04-26  18:52:26 INFO  com.dianru.analysis.boot.util.ReportTimer 18 run - begin report to database...
2016-04-26  18:52:26 INFO  com.dianru.analysis.boot.util.ReportTimer 21 run - count map is empty
2016-04-26  18:52:29 INFO  com.dianru.analysis.boot.util.ObjectCache 43 run - update cache from database
2016-04-26  18:53:26 INFO  com.dianru.analysis.boot.util.ReportTimer 18 run - begin report to database...
2016-04-26  18:53:26 INFO  com.dianru.analysis.boot.util.ReportTimer 21 run - count map is empty
2016-04-26  18:53:29 INFO  com.dianru.analysis.boot.util.ObjectCache 43 run - update cache from database
2016-04-26  18:54:26 INFO  com.dianru.analysis.boot.util.ReportTimer 18 run - begin report to database...
2016-04-26  18:54:26 INFO  com.dianru.analysis.boot.util.ReportTimer 21 run - count map is empty
2016-04-26  18:54:29 INFO  com.dianru.analysis.boot.util.ObjectCache 43 run - update cache from database
2016-04-26  18:55:26 INFO  com.dianru.analysis.boot.util.ReportTimer 18 run - begin report to database...
2016-04-26  18:55:26 INFO  com.dianru.analysis.boot.util.ReportTimer 21 run - count map is empty
2016-04-26  18:55:29 INFO  com.dianru.analysis.boot.util.ObjectCache 43 run - update cache from database
2016-04-26  18:56:26 INFO  com.dianru.analysis.boot.util.ReportTimer 18 run - begin report to database...
2016-04-26  18:56:26 INFO  com.dianru.analysis.boot.util.ReportTimer 28 run - report to database done
2016-04-26  18:56:29 INFO  com.dianru.analysis.boot.util.ObjectCache 43 run - update cache from database
2016-04-26  18:57:26 INFO  com.dianru.analysis.boot.util.ReportTimer 18 run - begin report to database...
2016-04-26  18:57:26 INFO  com.dianru.analysis.boot.util.ReportTimer 28 run - report to database done
2016-04-26  18:57:29 INFO  com.dianru.analysis.boot.util.ObjectCache 43 run - update cache from database
2016-04-26  18:58:26 INFO  com.dianru.analysis.boot.util.ReportTimer 18 run - begin report to database...
2016-04-26  18:58:26 INFO  com.dianru.analysis.boot.util.ReportTimer 28 run - report to database done
2016-04-26  18:58:29 INFO  com.dianru.analysis.boot.util.ObjectCache 43 run - update cache from database
2016-04-26  18:59:26 INFO  com.dianru.analysis.boot.util.ReportTimer 18 run - begin report to database...
2016-04-26  18:59:26 INFO  com.dianru.analysis.boot.util.ReportTimer 28 run - report to database done
2016-04-26  18:59:29 INFO  com.dianru.analysis.boot.util.ObjectCache 43 run - update cache from database
2016-04-26  19:00:26 INFO  com.dianru.analysis.boot.util.ReportTimer 18 run - begin report to database...
2016-04-26  19:00:26 INFO  com.dianru.analysis.boot.util.ReportTimer 28 run - report to database done
2016-04-26  19:00:29 INFO  com.dianru.analysis.boot.util.ObjectCache 43 run - update cache from database
2016-04-26  19:01:26 INFO  com.dianru.analysis.boot.util.ReportTimer 18 run - begin report to database...
2016-04-26  19:01:26 INFO  com.dianru.analysis.boot.util.ReportTimer 28 run - report to database done
2016-04-26  19:01:29 INFO  com.dianru.analysis.boot.util.ObjectCache 43 run - update cache from database
2016-04-26  19:02:26 INFO  com.dianru.analysis.boot.util.ReportTimer 18 run - begin report to database...
2016-04-26  19:02:26 INFO  com.dianru.analysis.boot.util.ReportTimer 28 run - report to database done
2016-04-26  19:02:29 INFO  com.dianru.analysis.boot.util.ObjectCache 43 run - update cache from database
2016-04-26  19:03:26 INFO  com.dianru.analysis.boot.util.ReportTimer 18 run - begin report to database...
2016-04-26  19:03:26 INFO  com.dianru.analysis.boot.util.ReportTimer 28 run - report to database done
2016-04-26  19:03:29 INFO  com.dianru.analysis.boot.util.ObjectCache 43 run - update cache from database
2016-04-26  19:04:26 INFO  com.dianru.analysis.boot.util.ReportTimer 18 run - begin report to database...
2016-04-26  19:04:26 INFO  com.dianru.analysis.boot.util.ReportTimer 28 run - report to database done
2016-04-26  19:04:29 INFO  com.dianru.analysis.boot.util.ObjectCache 43 run - update cache from database
2016-04-26  19:05:26 INFO  com.dianru.analysis.boot.util.ReportTimer 18 run - begin report to database...
2016-04-26  19:05:26 INFO  com.dianru.analysis.boot.util.ReportTimer 28 run - report to database done
2016-04-26  19:05:29 INFO  com.dianru.analysis.boot.util.ObjectCache 43 run - update cache from database
2016-04-26  19:06:26 INFO  com.dianru.analysis.boot.util.ReportTimer 18 run - begin report to database...
2016-04-26  19:06:26 INFO  com.dianru.analysis.boot.util.ReportTimer 28 run - report to database done
2016-04-26  19:06:29 INFO  com.dianru.analysis.boot.util.ObjectCache 43 run - update cache from database
2016-04-26  19:07:26 INFO  com.dianru.analysis.boot.util.ReportTimer 18 run - begin report to database...
2016-04-26  19:07:26 INFO  com.dianru.analysis.boot.util.ReportTimer 28 run - report to database done
2016-04-26  19:07:29 INFO  com.dianru.analysis.boot.util.ObjectCache 43 run - update cache from database
2016-04-26  19:20:37 INFO  com.dianru.analysis.boot.BootServer 45 main - server start with pid : 8432
2016-04-26  19:22:03 INFO  com.dianru.analysis.boot.BootServer 45 main - server start with pid : 2852
2016-04-26  19:42:50 INFO  com.dianru.analysis.boot.BootServer 45 main - server start with pid : 14800
2016-04-26  19:43:50 INFO  com.dianru.analysis.boot.util.ReportTimer 18 run - begin report to database...
2016-04-26  19:43:50 INFO  com.dianru.analysis.boot.util.ReportTimer 21 run - count map is empty
2016-04-26  19:44:50 INFO  com.dianru.analysis.boot.util.ReportTimer 18 run - begin report to database...
2016-04-26  19:44:50 INFO  com.dianru.analysis.boot.util.ReportTimer 21 run - count map is empty
2016-04-26  19:45:50 INFO  com.dianru.analysis.boot.util.ReportTimer 18 run - begin report to database...
2016-04-26  19:45:50 INFO  com.dianru.analysis.boot.util.ReportTimer 21 run - count map is empty
2016-04-26  19:46:50 INFO  com.dianru.analysis.boot.util.ReportTimer 18 run - begin report to database...
2016-04-26  19:46:50 INFO  com.dianru.analysis.boot.util.ReportTimer 21 run - count map is empty
2016-04-26  19:47:50 INFO  com.dianru.analysis.boot.util.ReportTimer 18 run - begin report to database...
2016-04-26  19:47:50 INFO  com.dianru.analysis.boot.util.ReportTimer 21 run - count map is empty
2016-04-26  19:48:50 INFO  com.dianru.analysis.boot.util.ReportTimer 18 run - begin report to database...
2016-04-26  19:48:50 INFO  com.dianru.analysis.boot.util.ReportTimer 21 run - count map is empty
2016-04-26  19:49:50 INFO  com.dianru.analysis.boot.util.ReportTimer 18 run - begin report to database...
2016-04-26  19:49:50 INFO  com.dianru.analysis.boot.util.ReportTimer 21 run - count map is empty
2016-04-26  19:50:50 INFO  com.dianru.analysis.boot.util.ReportTimer 18 run - begin report to database...
2016-04-26  19:50:50 INFO  com.dianru.analysis.boot.util.ReportTimer 21 run - count map is empty
2016-04-26  19:51:50 INFO  com.dianru.analysis.boot.util.ReportTimer 18 run - begin report to database...
2016-04-26  19:51:50 INFO  com.dianru.analysis.boot.util.ReportTimer 21 run - count map is empty
2016-04-26  19:52:50 INFO  com.dianru.analysis.boot.util.ReportTimer 18 run - begin report to database...
2016-04-26  19:52:50 INFO  com.dianru.analysis.boot.util.ReportTimer 21 run - count map is empty
2016-04-26  19:53:50 INFO  com.dianru.analysis.boot.util.ReportTimer 18 run - begin report to database...
2016-04-26  19:53:50 INFO  com.dianru.analysis.boot.util.ReportTimer 21 run - count map is empty
2016-04-26  19:54:50 INFO  com.dianru.analysis.boot.util.ReportTimer 18 run - begin report to database...
2016-04-26  19:54:50 INFO  com.dianru.analysis.boot.util.ReportTimer 21 run - count map is empty
2016-04-26  19:55:50 INFO  com.dianru.analysis.boot.util.ReportTimer 18 run - begin report to database...
2016-04-26  19:55:50 INFO  com.dianru.analysis.boot.util.ReportTimer 21 run - count map is empty
2016-04-26  19:56:50 INFO  com.dianru.analysis.boot.util.ReportTimer 18 run - begin report to database...
2016-04-26  19:56:50 INFO  com.dianru.analysis.boot.util.ReportTimer 21 run - count map is empty
2016-04-26  19:57:50 INFO  com.dianru.analysis.boot.util.ReportTimer 18 run - begin report to database...
2016-04-26  19:57:50 INFO  com.dianru.analysis.boot.util.ReportTimer 21 run - count map is empty
2016-04-26  19:58:50 INFO  com.dianru.analysis.boot.util.ReportTimer 18 run - begin report to database...
2016-04-26  19:58:50 INFO  com.dianru.analysis.boot.util.ReportTimer 21 run - count map is empty
2016-04-26  19:59:50 INFO  com.dianru.analysis.boot.util.ReportTimer 18 run - begin report to database...
2016-04-26  19:59:50 INFO  com.dianru.analysis.boot.util.ReportTimer 21 run - count map is empty
2016-04-26  20:00:50 INFO  com.dianru.analysis.boot.util.ReportTimer 18 run - begin report to database...
2016-04-26  20:00:50 INFO  com.dianru.analysis.boot.util.ReportTimer 21 run - count map is empty
2016-04-26  20:01:50 INFO  com.dianru.analysis.boot.util.ReportTimer 18 run - begin report to database...
2016-04-26  20:01:50 INFO  com.dianru.analysis.boot.util.ReportTimer 21 run - count map is empty
2016-04-26  20:02:50 INFO  com.dianru.analysis.boot.util.ReportTimer 18 run - begin report to database...
2016-04-26  20:02:50 INFO  com.dianru.analysis.boot.util.ReportTimer 21 run - count map is empty
2016-04-26  20:03:50 INFO  com.dianru.analysis.boot.util.ReportTimer 18 run - begin report to database...
2016-04-26  20:03:50 INFO  com.dianru.analysis.boot.util.ReportTimer 21 run - count map is empty
2016-04-26  20:04:50 INFO  com.dianru.analysis.boot.util.ReportTimer 18 run - begin report to database...
2016-04-26  20:04:50 INFO  com.dianru.analysis.boot.util.ReportTimer 21 run - count map is empty
2016-04-26  20:05:50 INFO  com.dianru.analysis.boot.util.ReportTimer 18 run - begin report to database...
2016-04-26  20:05:50 INFO  com.dianru.analysis.boot.util.ReportTimer 21 run - count map is empty
2016-04-26  20:06:50 INFO  com.dianru.analysis.boot.util.ReportTimer 18 run - begin report to database...
2016-04-26  20:06:50 INFO  com.dianru.analysis.boot.util.ReportTimer 21 run - count map is empty
2016-04-26  20:07:50 INFO  com.dianru.analysis.boot.util.ReportTimer 18 run - begin report to database...
2016-04-26  20:07:50 INFO  com.dianru.analysis.boot.util.ReportTimer 21 run - count map is empty
2016-04-26  20:08:50 INFO  com.dianru.analysis.boot.util.ReportTimer 18 run - begin report to database...
2016-04-26  20:08:50 INFO  com.dianru.analysis.boot.util.ReportTimer 21 run - count map is empty
2016-04-26  20:09:50 INFO  com.dianru.analysis.boot.util.ReportTimer 18 run - begin report to database...
2016-04-26  20:09:50 INFO  com.dianru.analysis.boot.util.ReportTimer 21 run - count map is empty
2016-04-26  20:10:50 INFO  com.dianru.analysis.boot.util.ReportTimer 18 run - begin report to database...
2016-04-26  20:10:50 INFO  com.dianru.analysis.boot.util.ReportTimer 21 run - count map is empty
2016-04-26  20:11:50 INFO  com.dianru.analysis.boot.util.ReportTimer 18 run - begin report to database...
2016-04-26  20:11:50 INFO  com.dianru.analysis.boot.util.ReportTimer 21 run - count map is empty
2016-04-26  20:12:50 INFO  com.dianru.analysis.boot.util.ReportTimer 18 run - begin report to database...
2016-04-26  20:12:50 INFO  com.dianru.analysis.boot.util.ReportTimer 21 run - count map is empty
2016-04-26  20:13:50 INFO  com.dianru.analysis.boot.util.ReportTimer 18 run - begin report to database...
2016-04-26  20:13:50 INFO  com.dianru.analysis.boot.util.ReportTimer 21 run - count map is empty
2016-04-26  20:19:08 INFO  com.dianru.analysis.boot.BootServer 45 main - server start with pid : 5516
2016-04-26  20:20:08 INFO  com.dianru.analysis.boot.util.ReportTimer 18 run - begin report to database...
2016-04-26  20:20:08 INFO  com.dianru.analysis.boot.util.ReportTimer 21 run - count map is empty
2016-04-26  20:21:08 INFO  com.dianru.analysis.boot.util.ReportTimer 18 run - begin report to database...
2016-04-26  20:21:08 INFO  com.dianru.analysis.boot.util.ReportTimer 21 run - count map is empty
2016-04-26  20:21:16 INFO  com.dianru.analysis.tools.MinuteAdsPlan 140 pauseAdByCount - adid:10388 remain active_count10000
2016-04-26  20:22:08 INFO  com.dianru.analysis.boot.util.ReportTimer 18 run - begin report to database...
2016-04-26  20:22:08 INFO  com.dianru.analysis.boot.util.ReportTimer 21 run - count map is empty
2016-04-26  20:23:08 INFO  com.dianru.analysis.boot.util.ReportTimer 18 run - begin report to database...
2016-04-26  20:23:08 INFO  com.dianru.analysis.boot.util.ReportTimer 21 run - count map is empty
2016-04-26  20:24:08 INFO  com.dianru.analysis.boot.util.ReportTimer 18 run - begin report to database...
2016-04-26  20:24:08 INFO  com.dianru.analysis.boot.util.ReportTimer 21 run - count map is empty
2016-04-26  20:25:08 INFO  com.dianru.analysis.boot.util.ReportTimer 18 run - begin report to database...
2016-04-26  20:25:08 INFO  com.dianru.analysis.boot.util.ReportTimer 21 run - count map is empty
2016-04-26  20:26:08 INFO  com.dianru.analysis.boot.util.ReportTimer 18 run - begin report to database...
2016-04-26  20:26:08 INFO  com.dianru.analysis.boot.util.ReportTimer 21 run - count map is empty
2016-04-26  20:27:08 INFO  com.dianru.analysis.boot.util.ReportTimer 18 run - begin report to database...
2016-04-26  20:27:08 INFO  com.dianru.analysis.boot.util.ReportTimer 21 run - count map is empty
2016-04-26  20:28:08 INFO  com.dianru.analysis.boot.util.ReportTimer 18 run - begin report to database...
2016-04-26  20:28:08 INFO  com.dianru.analysis.boot.util.ReportTimer 21 run - count map is empty
2016-04-26  20:29:08 INFO  com.dianru.analysis.boot.util.ReportTimer 18 run - begin report to database...
2016-04-26  20:29:08 INFO  com.dianru.analysis.boot.util.ReportTimer 21 run - count map is empty
2016-04-26  20:30:08 INFO  com.dianru.analysis.boot.util.ReportTimer 18 run - begin report to database...
2016-04-26  20:30:08 INFO  com.dianru.analysis.boot.util.ReportTimer 21 run - count map is empty
2016-04-26  20:31:08 INFO  com.dianru.analysis.boot.util.ReportTimer 18 run - begin report to database...
2016-04-26  20:31:08 INFO  com.dianru.analysis.boot.util.ReportTimer 21 run - count map is empty
2016-04-26  20:32:08 INFO  com.dianru.analysis.boot.util.ReportTimer 18 run - begin report to database...
2016-04-26  20:32:08 INFO  com.dianru.analysis.boot.util.ReportTimer 21 run - count map is empty
2016-04-26  20:33:08 INFO  com.dianru.analysis.boot.util.ReportTimer 18 run - begin report to database...
2016-04-26  20:33:08 INFO  com.dianru.analysis.boot.util.ReportTimer 21 run - count map is empty
2016-04-26  20:34:08 INFO  com.dianru.analysis.boot.util.ReportTimer 18 run - begin report to database...
2016-04-26  20:34:08 INFO  com.dianru.analysis.boot.util.ReportTimer 21 run - count map is empty
2016-04-26  20:35:08 INFO  com.dianru.analysis.boot.util.ReportTimer 18 run - begin report to database...
2016-04-26  20:35:08 INFO  com.dianru.analysis.boot.util.ReportTimer 21 run - count map is empty
2016-04-26  20:36:08 INFO  com.dianru.analysis.boot.util.ReportTimer 18 run - begin report to database...
2016-04-26  20:36:08 INFO  com.dianru.analysis.boot.util.ReportTimer 21 run - count map is empty
2016-04-26  20:37:08 INFO  com.dianru.analysis.boot.util.ReportTimer 18 run - begin report to database...
2016-04-26  20:37:08 INFO  com.dianru.analysis.boot.util.ReportTimer 21 run - count map is empty
2016-04-26  20:38:08 INFO  com.dianru.analysis.boot.util.ReportTimer 18 run - begin report to database...
2016-04-26  20:38:08 INFO  com.dianru.analysis.boot.util.ReportTimer 21 run - count map is empty
2016-04-26  20:39:08 INFO  com.dianru.analysis.boot.util.ReportTimer 18 run - begin report to database...
2016-04-26  20:39:08 INFO  com.dianru.analysis.boot.util.ReportTimer 21 run - count map is empty
2016-04-26  20:40:08 INFO  com.dianru.analysis.boot.util.ReportTimer 18 run - begin report to database...
2016-04-26  20:40:08 INFO  com.dianru.analysis.boot.util.ReportTimer 21 run - count map is empty
2016-04-26  20:41:08 INFO  com.dianru.analysis.boot.util.ReportTimer 18 run - begin report to database...
2016-04-26  20:41:08 INFO  com.dianru.analysis.boot.util.ReportTimer 21 run - count map is empty
2016-04-26  20:42:08 INFO  com.dianru.analysis.boot.util.ReportTimer 18 run - begin report to database...
2016-04-26  20:42:08 INFO  com.dianru.analysis.boot.util.ReportTimer 21 run - count map is empty
2016-04-26  20:43:08 INFO  com.dianru.analysis.boot.util.ReportTimer 18 run - begin report to database...
2016-04-26  20:43:08 INFO  com.dianru.analysis.boot.util.ReportTimer 21 run - count map is empty
2016-04-26  20:44:08 INFO  com.dianru.analysis.boot.util.ReportTimer 18 run - begin report to database...
2016-04-26  20:44:08 INFO  com.dianru.analysis.boot.util.ReportTimer 21 run - count map is empty
2016-04-26  20:45:08 INFO  com.dianru.analysis.boot.util.ReportTimer 18 run - begin report to database...
2016-04-26  20:45:08 INFO  com.dianru.analysis.boot.util.ReportTimer 21 run - count map is empty
2016-04-26  20:46:08 INFO  com.dianru.analysis.boot.util.ReportTimer 18 run - begin report to database...
2016-04-26  20:46:08 INFO  com.dianru.analysis.boot.util.ReportTimer 21 run - count map is empty
2016-04-26  20:47:08 INFO  com.dianru.analysis.boot.util.ReportTimer 18 run - begin report to database...
2016-04-26  20:47:08 INFO  com.dianru.analysis.boot.util.ReportTimer 21 run - count map is empty
2016-04-26  20:48:08 INFO  com.dianru.analysis.boot.util.ReportTimer 18 run - begin report to database...
2016-04-26  20:48:08 INFO  com.dianru.analysis.boot.util.ReportTimer 21 run - count map is empty
2016-04-26  20:49:08 INFO  com.dianru.analysis.boot.util.ReportTimer 18 run - begin report to database...
2016-04-26  20:49:08 INFO  com.dianru.analysis.boot.util.ReportTimer 21 run - count map is empty
2016-04-26  20:50:08 INFO  com.dianru.analysis.boot.util.ReportTimer 18 run - begin report to database...
2016-04-26  20:50:08 INFO  com.dianru.analysis.boot.util.ReportTimer 21 run - count map is empty
2016-04-26  20:51:08 INFO  com.dianru.analysis.boot.util.ReportTimer 18 run - begin report to database...
2016-04-26  20:51:08 INFO  com.dianru.analysis.boot.util.ReportTimer 21 run - count map is empty
2016-04-26  20:52:08 INFO  com.dianru.analysis.boot.util.ReportTimer 18 run - begin report to database...
2016-04-26  20:52:08 INFO  com.dianru.analysis.boot.util.ReportTimer 21 run - count map is empty
2016-04-26  20:53:08 INFO  com.dianru.analysis.boot.util.ReportTimer 18 run - begin report to database...
2016-04-26  20:53:08 INFO  com.dianru.analysis.boot.util.ReportTimer 21 run - count map is empty
2016-04-26  20:54:08 INFO  com.dianru.analysis.boot.util.ReportTimer 18 run - begin report to database...
2016-04-26  20:54:08 INFO  com.dianru.analysis.boot.util.ReportTimer 21 run - count map is empty
2016-04-26  20:55:08 INFO  com.dianru.analysis.boot.util.ReportTimer 18 run - begin report to database...
2016-04-26  20:55:08 INFO  com.dianru.analysis.boot.util.ReportTimer 21 run - count map is empty
2016-04-26  20:56:08 INFO  com.dianru.analysis.boot.util.ReportTimer 18 run - begin report to database...
2016-04-26  20:56:08 INFO  com.dianru.analysis.boot.util.ReportTimer 21 run - count map is empty
2016-04-26  20:57:08 INFO  com.dianru.analysis.boot.util.ReportTimer 18 run - begin report to database...
2016-04-26  20:57:08 INFO  com.dianru.analysis.boot.util.ReportTimer 21 run - count map is empty
2016-04-26  20:58:08 INFO  com.dianru.analysis.boot.util.ReportTimer 18 run - begin report to database...
2016-04-26  20:58:08 INFO  com.dianru.analysis.boot.util.ReportTimer 21 run - count map is empty
2016-04-26  20:59:08 INFO  com.dianru.analysis.boot.util.ReportTimer 18 run - begin report to database...
2016-04-26  20:59:08 INFO  com.dianru.analysis.boot.util.ReportTimer 21 run - count map is empty
2016-04-26  21:00:08 INFO  com.dianru.analysis.boot.util.ReportTimer 18 run - begin report to database...
2016-04-26  21:00:08 INFO  com.dianru.analysis.boot.util.ReportTimer 21 run - count map is empty
2016-04-26  21:01:08 INFO  com.dianru.analysis.boot.util.ReportTimer 18 run - begin report to database...
2016-04-26  21:01:08 INFO  com.dianru.analysis.boot.util.ReportTimer 21 run - count map is empty
2016-04-26  21:02:08 INFO  com.dianru.analysis.boot.util.ReportTimer 18 run - begin report to database...
2016-04-26  21:02:08 INFO  com.dianru.analysis.boot.util.ReportTimer 21 run - count map is empty
2016-04-26  21:03:08 INFO  com.dianru.analysis.boot.util.ReportTimer 18 run - begin report to database...
2016-04-26  21:03:08 INFO  com.dianru.analysis.boot.util.ReportTimer 21 run - count map is empty
2016-04-26  21:04:08 INFO  com.dianru.analysis.boot.util.ReportTimer 18 run - begin report to database...
2016-04-26  21:04:08 INFO  com.dianru.analysis.boot.util.ReportTimer 21 run - count map is empty
2016-04-26  21:05:08 INFO  com.dianru.analysis.boot.util.ReportTimer 18 run - begin report to database...
2016-04-26  21:05:08 INFO  com.dianru.analysis.boot.util.ReportTimer 21 run - count map is empty
2016-04-26  21:06:08 INFO  com.dianru.analysis.boot.util.ReportTimer 18 run - begin report to database...
2016-04-26  21:06:08 INFO  com.dianru.analysis.boot.util.ReportTimer 21 run - count map is empty
2016-04-26  21:07:08 INFO  com.dianru.analysis.boot.util.ReportTimer 18 run - begin report to database...
2016-04-26  21:07:08 INFO  com.dianru.analysis.boot.util.ReportTimer 21 run - count map is empty
2016-04-26  21:08:08 INFO  com.dianru.analysis.boot.util.ReportTimer 18 run - begin report to database...
2016-04-26  21:08:08 INFO  com.dianru.analysis.boot.util.ReportTimer 21 run - count map is empty
2016-04-26  21:09:08 INFO  com.dianru.analysis.boot.util.ReportTimer 18 run - begin report to database...
2016-04-26  21:09:08 INFO  com.dianru.analysis.boot.util.ReportTimer 21 run - count map is empty
2016-04-26  21:21:20 INFO  com.dianru.analysis.boot.BootServer 45 main - server start with pid : 13988
2016-04-26  21:21:22 INFO  com.dianru.analysis.tools.MinuteAdsPlan 140 pauseAdByCount - adid:10388 remain active_count10000
2016-04-26  21:21:22 INFO  com.dianru.analysis.tools.MinuteAdsPlan 140 pauseAdByCount - adid:10388 remain active_count10000
2016-04-26  21:22:20 INFO  com.dianru.analysis.boot.util.ReportTimer 18 run - begin report to database...
2016-04-26  21:22:20 INFO  com.dianru.analysis.boot.util.ReportTimer 21 run - count map is empty
2016-04-26  21:22:22 INFO  com.dianru.analysis.boot.util.ObjectCache 43 run - update cache from database
2016-04-26  21:23:20 INFO  com.dianru.analysis.boot.util.ReportTimer 18 run - begin report to database...
2016-04-26  21:23:20 INFO  com.dianru.analysis.tools.MinuteAdsPlan 140 pauseAdByCount - adid:10388 remain active_count10000
2016-04-26  21:23:20 INFO  com.dianru.analysis.boot.util.ReportTimer 28 run - report to database done
2016-04-26  21:23:23 INFO  com.dianru.analysis.boot.util.ObjectCache 43 run - update cache from database
2016-04-26  21:24:20 INFO  com.dianru.analysis.boot.util.ReportTimer 18 run - begin report to database...
2016-04-26  21:24:20 INFO  com.dianru.analysis.tools.MinuteAdsPlan 140 pauseAdByCount - adid:10388 remain active_count10000
2016-04-26  21:24:20 INFO  com.dianru.analysis.boot.util.ReportTimer 28 run - report to database done
2016-04-26  21:24:23 INFO  com.dianru.analysis.boot.util.ObjectCache 43 run - update cache from database
2016-04-26  21:25:20 INFO  com.dianru.analysis.boot.util.ReportTimer 18 run - begin report to database...
2016-04-26  21:25:20 INFO  com.dianru.analysis.tools.MinuteAdsPlan 140 pauseAdByCount - adid:10388 remain active_count10000
2016-04-26  21:25:20 INFO  com.dianru.analysis.boot.util.ReportTimer 28 run - report to database done
2016-04-26  21:25:22 INFO  com.dianru.analysis.boot.util.ObjectCache 43 run - update cache from database
2016-04-26  21:26:20 INFO  com.dianru.analysis.boot.util.ReportTimer 18 run - begin report to database...
2016-04-26  21:26:20 INFO  com.dianru.analysis.tools.MinuteAdsPlan 140 pauseAdByCount - adid:10388 remain active_count10000
2016-04-26  21:26:20 INFO  com.dianru.analysis.boot.util.ReportTimer 28 run - report to database done
2016-04-26  21:26:22 INFO  com.dianru.analysis.boot.util.ObjectCache 43 run - update cache from database
2016-04-26  21:27:20 INFO  com.dianru.analysis.boot.util.ReportTimer 18 run - begin report to database...
2016-04-26  21:27:20 INFO  com.dianru.analysis.tools.MinuteAdsPlan 140 pauseAdByCount - adid:10388 remain active_count10000
2016-04-26  21:27:20 INFO  com.dianru.analysis.boot.util.ReportTimer 28 run - report to database done
2016-04-26  21:27:22 INFO  com.dianru.analysis.boot.util.ObjectCache 43 run - update cache from database
2016-04-26  21:28:20 INFO  com.dianru.analysis.boot.util.ReportTimer 18 run - begin report to database...
2016-04-26  21:28:20 INFO  com.dianru.analysis.tools.MinuteAdsPlan 140 pauseAdByCount - adid:10388 remain active_count10000
2016-04-26  21:28:20 INFO  com.dianru.analysis.boot.util.ReportTimer 28 run - report to database done
2016-04-26  21:28:22 INFO  com.dianru.analysis.boot.util.ObjectCache 43 run - update cache from database
2016-04-26  21:32:04 INFO  com.dianru.analysis.boot.BootServer 45 main - server start with pid : 12800
2016-04-26  21:32:06 INFO  com.dianru.analysis.tools.MinuteAdsPlan 140 pauseAdByCount - adid:10388 remain active_count10000
2016-04-26  21:33:04 INFO  com.dianru.analysis.boot.util.ReportTimer 18 run - begin report to database...
2016-04-26  21:33:04 INFO  com.dianru.analysis.boot.util.ReportTimer 21 run - count map is empty
2016-04-26  21:34:04 INFO  com.dianru.analysis.boot.util.ReportTimer 18 run - begin report to database...
2016-04-26  21:34:04 INFO  com.dianru.analysis.boot.util.ReportTimer 21 run - count map is empty
2016-04-26  21:34:53 INFO  com.dianru.analysis.tools.MinuteAdsPlan 140 pauseAdByCount - adid:10388 remain active_count10000
2016-04-26  21:35:04 INFO  com.dianru.analysis.boot.util.ReportTimer 18 run - begin report to database...
2016-04-26  21:35:04 INFO  com.dianru.analysis.boot.util.ReportTimer 21 run - count map is empty
2016-04-26  21:36:18 INFO  com.dianru.analysis.boot.BootServer 45 main - server start with pid : 15820
2016-04-26  21:36:20 INFO  com.dianru.analysis.tools.MinuteAdsPlan 140 pauseAdByCount - adid:10388 remain active_count10000
2016-04-26  21:36:20 INFO  com.dianru.analysis.tools.MinuteAdsPlan 140 pauseAdByCount - adid:10388 remain active_count10000
2016-04-26  21:38:11 INFO  com.dianru.analysis.boot.BootServer 45 main - server start with pid : 5872
2016-04-26  21:38:13 INFO  com.dianru.analysis.tools.MinuteAdsPlan 140 pauseAdByCount - adid:10388 remain active_count10000
2016-04-26  21:38:14 INFO  com.dianru.analysis.tools.MinuteAdsPlan 140 pauseAdByCount - adid:10388 remain active_count10000
2016-04-26  21:39:11 INFO  com.dianru.analysis.boot.util.ReportTimer 18 run - begin report to database...
2016-04-26  21:39:11 INFO  com.dianru.analysis.boot.util.ReportTimer 21 run - count map is empty
2016-04-26  21:39:14 INFO  com.dianru.analysis.boot.util.ObjectCache 43 run - update cache from database
2016-04-26  21:40:11 INFO  com.dianru.analysis.boot.util.ReportTimer 18 run - begin report to database...
2016-04-26  21:40:11 INFO  com.dianru.analysis.boot.util.ReportTimer 21 run - count map is empty
2016-04-26  21:40:14 INFO  com.dianru.analysis.boot.util.ObjectCache 43 run - update cache from database
2016-04-26  21:41:11 INFO  com.dianru.analysis.boot.util.ReportTimer 18 run - begin report to database...
2016-04-26  21:41:11 INFO  com.dianru.analysis.boot.util.ReportTimer 21 run - count map is empty
2016-04-26  21:41:14 INFO  com.dianru.analysis.boot.util.ObjectCache 43 run - update cache from database
2016-04-26  21:42:11 INFO  com.dianru.analysis.boot.util.ReportTimer 18 run - begin report to database...
2016-04-26  21:42:11 INFO  com.dianru.analysis.boot.util.ReportTimer 21 run - count map is empty
2016-04-26  21:42:14 INFO  com.dianru.analysis.boot.util.ObjectCache 43 run - update cache from database
2016-04-26  21:43:11 INFO  com.dianru.analysis.boot.util.ReportTimer 18 run - begin report to database...
2016-04-26  21:43:11 INFO  com.dianru.analysis.boot.util.ReportTimer 21 run - count map is empty
2016-04-26  21:43:14 INFO  com.dianru.analysis.boot.util.ObjectCache 43 run - update cache from database
2016-04-26  21:44:11 INFO  com.dianru.analysis.boot.util.ReportTimer 18 run - begin report to database...
2016-04-26  21:44:11 INFO  com.dianru.analysis.boot.util.ReportTimer 21 run - count map is empty
2016-04-26  21:44:14 INFO  com.dianru.analysis.boot.util.ObjectCache 43 run - update cache from database
2016-04-26  21:45:09 INFO  com.dianru.analysis.process.util.RemainActiveUtil 334 idfaWaitActive - addIdfaWaitActive adid:10388,idfa:a0000043e8e677,result:1
2016-04-26  21:45:11 INFO  com.dianru.analysis.boot.util.ReportTimer 18 run - begin report to database...
2016-04-26  21:45:11 INFO  com.dianru.analysis.boot.util.ReportTimer 21 run - count map is empty
2016-04-26  21:45:14 INFO  com.dianru.analysis.boot.util.ObjectCache 43 run - update cache from database
2016-04-26  21:46:11 INFO  com.dianru.analysis.boot.util.ReportTimer 18 run - begin report to database...
2016-04-26  21:46:11 INFO  com.dianru.analysis.boot.util.ReportTimer 21 run - count map is empty
2016-04-26  21:46:14 INFO  com.dianru.analysis.boot.util.ObjectCache 43 run - update cache from database
2016-04-26  21:47:06 INFO  com.dianru.analysis.process.util.RemainActiveUtil 430 remainActive - adid : 10388 operate:-,remainActive : 1,10000,0-->9999,1,result:0
2016-04-26  21:47:11 INFO  com.dianru.analysis.boot.util.ReportTimer 18 run - begin report to database...
2016-04-26  21:47:11 INFO  com.dianru.analysis.boot.util.ReportTimer 21 run - count map is empty
2016-04-26  21:47:14 INFO  com.dianru.analysis.boot.util.ObjectCache 43 run - update cache from database
2016-04-26  21:48:11 INFO  com.dianru.analysis.boot.util.ReportTimer 18 run - begin report to database...
2016-04-26  21:48:11 INFO  com.dianru.analysis.tools.MinuteAdsPlan 140 pauseAdByCount - adid:10388 remain active_count10000
2016-04-26  21:48:11 INFO  com.dianru.analysis.boot.util.ReportTimer 28 run - report to database done
2016-04-26  21:48:14 INFO  com.dianru.analysis.boot.util.ObjectCache 43 run - update cache from database
2016-04-26  21:49:11 INFO  com.dianru.analysis.boot.util.ReportTimer 18 run - begin report to database...
2016-04-26  21:49:11 INFO  com.dianru.analysis.tools.MinuteAdsPlan 140 pauseAdByCount - adid:10388 remain active_count10000
2016-04-26  21:49:11 INFO  com.dianru.analysis.boot.util.ReportTimer 28 run - report to database done
2016-04-26  21:49:14 INFO  com.dianru.analysis.boot.util.ObjectCache 43 run - update cache from database
2016-04-26  21:50:11 INFO  com.dianru.analysis.boot.util.ReportTimer 18 run - begin report to database...
2016-04-26  21:50:11 INFO  com.dianru.analysis.tools.MinuteAdsPlan 140 pauseAdByCount - adid:10388 remain active_count10000
2016-04-26  21:50:11 INFO  com.dianru.analysis.boot.util.ReportTimer 28 run - report to database done
2016-04-26  21:50:14 INFO  com.dianru.analysis.boot.util.ObjectCache 43 run - update cache from database
2016-04-26  21:51:11 INFO  com.dianru.analysis.boot.util.ReportTimer 18 run - begin report to database...
2016-04-26  21:51:11 INFO  com.dianru.analysis.tools.MinuteAdsPlan 140 pauseAdByCount - adid:10388 remain active_count10000
2016-04-26  21:51:11 INFO  com.dianru.analysis.boot.util.ReportTimer 28 run - report to database done
2016-04-26  21:51:14 INFO  com.dianru.analysis.boot.util.ObjectCache 43 run - update cache from database
2016-04-26  21:52:11 INFO  com.dianru.analysis.boot.util.ReportTimer 18 run - begin report to database...
2016-04-26  21:52:11 INFO  com.dianru.analysis.tools.MinuteAdsPlan 140 pauseAdByCount - adid:10388 remain active_count10000
2016-04-26  21:52:11 INFO  com.dianru.analysis.boot.util.ReportTimer 28 run - report to database done
2016-04-26  21:52:14 INFO  com.dianru.analysis.boot.util.ObjectCache 43 run - update cache from database
2016-04-26  21:53:11 INFO  com.dianru.analysis.boot.util.ReportTimer 18 run - begin report to database...
2016-04-26  21:53:11 INFO  com.dianru.analysis.tools.MinuteAdsPlan 140 pauseAdByCount - adid:10388 remain active_count10000
2016-04-26  21:53:11 INFO  com.dianru.analysis.boot.util.ReportTimer 28 run - report to database done
2016-04-26  21:53:14 INFO  com.dianru.analysis.boot.util.ObjectCache 43 run - update cache from database
2016-04-27  15:29:54 INFO  com.dianru.analysis.boot.BootServer 45 main - server start with pid : -1
2016-04-27  15:29:57 INFO  com.dianru.analysis.tools.MinuteAdsPlan 140 pauseAdByCount - adid:10388 remain active_count10000
2016-04-27  15:29:57 INFO  com.dianru.analysis.tools.MinuteAdsPlan 140 pauseAdByCount - adid:10388 remain active_count10000
2016-04-27  15:30:54 INFO  com.dianru.analysis.boot.util.ReportTimer 18 run - begin report to database...
2016-04-27  15:30:54 INFO  com.dianru.analysis.boot.util.ReportTimer 21 run - count map is empty
2016-04-27  15:30:58 INFO  com.dianru.analysis.boot.util.ObjectCache 43 run - update cache from database
2016-04-27  15:31:54 INFO  com.dianru.analysis.boot.util.ReportTimer 18 run - begin report to database...
2016-04-27  15:31:54 INFO  com.dianru.analysis.boot.util.ReportTimer 21 run - count map is empty
2016-04-27  15:31:58 INFO  com.dianru.analysis.boot.util.ObjectCache 43 run - update cache from database
2016-04-27  15:32:54 INFO  com.dianru.analysis.boot.util.ReportTimer 18 run - begin report to database...
2016-04-27  15:32:54 INFO  com.dianru.analysis.boot.util.ReportTimer 21 run - count map is empty
2016-04-27  15:32:58 INFO  com.dianru.analysis.boot.util.ObjectCache 43 run - update cache from database
2016-04-27  15:33:54 INFO  com.dianru.analysis.boot.util.ReportTimer 18 run - begin report to database...
2016-04-27  15:33:54 INFO  com.dianru.analysis.boot.util.ReportTimer 21 run - count map is empty
2016-04-27  15:33:58 INFO  com.dianru.analysis.boot.util.ObjectCache 43 run - update cache from database
2016-04-27  15:34:54 INFO  com.dianru.analysis.boot.util.ReportTimer 18 run - begin report to database...
2016-04-27  15:34:54 INFO  com.dianru.analysis.boot.util.ReportTimer 21 run - count map is empty
2016-04-27  15:34:58 INFO  com.dianru.analysis.boot.util.ObjectCache 43 run - update cache from database
2016-04-28  13:35:05 INFO  com.dianru.analysis.tools.MinuteAdsPlan 140 pauseAdByCount - adid:10388 remain active_count10000
2016-05-06  13:36:01 INFO  com.dianru.analysis.boot.BootServer 45 main - server start with pid : 5680
2016-05-06  13:54:04 INFO  com.dianru.analysis.boot.BootServer 45 main - server start with pid : 5548
2016-05-06  13:54:10 INFO  com.dianru.analysis.boot.BootServer 45 main - server start with pid : 11244
2016-05-06  13:56:07 INFO  com.dianru.analysis.boot.BootServer 45 main - server start with pid : 3676
2016-05-06  13:56:31 INFO  com.dianru.analysis.boot.BootServer 45 main - server start with pid : 1904
2016-05-06  13:57:31 INFO  com.dianru.analysis.boot.util.ReportTimer 18 run - begin report to database...
2016-05-06  13:57:31 INFO  com.dianru.analysis.boot.util.ReportTimer 21 run - count map is empty
2016-05-06  13:58:56 INFO  com.dianru.analysis.boot.BootServer 45 main - server start with pid : 7764
2016-05-06  14:00:10 INFO  com.dianru.analysis.boot.BootServer 45 main - server start with pid : 4484
2016-05-06  14:01:10 INFO  com.dianru.analysis.boot.util.ReportTimer 18 run - begin report to database...
2016-05-06  14:01:10 INFO  com.dianru.analysis.boot.util.ReportTimer 21 run - count map is empty
2016-05-06  14:01:53 INFO  com.dianru.analysis.boot.BootServer 45 main - server start with pid : 3080
2016-05-06  14:02:54 INFO  com.dianru.analysis.boot.util.ReportTimer 18 run - begin report to database...
2016-05-06  14:02:54 INFO  com.dianru.analysis.boot.util.ReportTimer 21 run - count map is empty
2016-05-06  14:05:45 INFO  com.dianru.analysis.boot.BootServer 45 main - server start with pid : 10704
2016-05-06  14:06:18 INFO  com.dianru.analysis.boot.BootServer 45 main - server start with pid : 5524
2016-05-06  14:06:45 INFO  com.dianru.analysis.boot.util.ReportTimer 18 run - begin report to database...
2016-05-06  14:06:45 INFO  com.dianru.analysis.boot.util.ReportTimer 21 run - count map is empty
2016-05-06  14:07:18 INFO  com.dianru.analysis.boot.util.ReportTimer 18 run - begin report to database...
2016-05-06  14:07:18 INFO  com.dianru.analysis.boot.util.ReportTimer 21 run - count map is empty
2016-05-06  14:07:45 INFO  com.dianru.analysis.boot.util.ReportTimer 18 run - begin report to database...
2016-05-06  14:07:45 INFO  com.dianru.analysis.boot.util.ReportTimer 21 run - count map is empty
2016-05-06  14:08:18 INFO  com.dianru.analysis.boot.util.ReportTimer 18 run - begin report to database...
2016-05-06  14:08:18 INFO  com.dianru.analysis.boot.util.ReportTimer 21 run - count map is empty
2016-05-06  14:08:45 INFO  com.dianru.analysis.boot.util.ReportTimer 18 run - begin report to database...
2016-05-06  14:08:45 INFO  com.dianru.analysis.boot.util.ReportTimer 21 run - count map is empty
2016-05-06  14:09:18 INFO  com.dianru.analysis.boot.util.ReportTimer 18 run - begin report to database...
2016-05-06  14:09:18 INFO  com.dianru.analysis.boot.util.ReportTimer 21 run - count map is empty
2016-05-06  14:09:45 INFO  com.dianru.analysis.boot.util.ReportTimer 18 run - begin report to database...
2016-05-06  14:09:45 INFO  com.dianru.analysis.boot.util.ReportTimer 21 run - count map is empty
2016-05-06  15:21:25 INFO  com.dianru.analysis.boot.BootServer 45 main - server start with pid : 12664
2016-05-06  15:21:28 INFO  com.dianru.analysis.tools.MinuteAdsPlan 140 pauseAdByCount - adid:10388 remain active_count10000
2016-05-06  15:21:28 INFO  com.dianru.analysis.tools.MinuteAdsPlan 140 pauseAdByCount - adid:10388 remain active_count10000
2016-05-06  15:22:25 INFO  com.dianru.analysis.boot.util.ReportTimer 18 run - begin report to database...
2016-05-06  15:22:25 INFO  com.dianru.analysis.boot.util.ReportTimer 21 run - count map is empty
2016-05-06  15:22:28 INFO  com.dianru.analysis.boot.util.ObjectCache 43 run - update cache from database
2016-05-06  15:23:25 INFO  com.dianru.analysis.boot.util.ReportTimer 18 run - begin report to database...
2016-05-06  15:23:25 INFO  com.dianru.analysis.boot.util.ReportTimer 21 run - count map is empty
2016-05-06  15:23:28 INFO  com.dianru.analysis.boot.util.ObjectCache 43 run - update cache from database
2016-05-06  15:24:25 INFO  com.dianru.analysis.boot.util.ReportTimer 18 run - begin report to database...
2016-05-06  15:24:25 INFO  com.dianru.analysis.boot.util.ReportTimer 21 run - count map is empty
2016-05-06  15:24:28 INFO  com.dianru.analysis.boot.util.ObjectCache 43 run - update cache from database
2016-05-06  15:25:25 INFO  com.dianru.analysis.boot.util.ReportTimer 18 run - begin report to database...
2016-05-06  15:25:25 INFO  com.dianru.analysis.boot.util.ReportTimer 21 run - count map is empty
2016-05-06  15:25:28 INFO  com.dianru.analysis.boot.util.ObjectCache 43 run - update cache from database
2016-05-06  15:26:25 INFO  com.dianru.analysis.boot.util.ReportTimer 18 run - begin report to database...
2016-05-06  15:26:25 INFO  com.dianru.analysis.boot.util.ReportTimer 21 run - count map is empty
2016-05-06  15:26:28 INFO  com.dianru.analysis.boot.util.ObjectCache 43 run - update cache from database
2016-05-06  15:27:25 INFO  com.dianru.analysis.boot.util.ReportTimer 18 run - begin report to database...
2016-05-06  15:27:25 INFO  com.dianru.analysis.boot.util.ReportTimer 21 run - count map is empty
2016-05-06  15:27:28 INFO  com.dianru.analysis.boot.util.ObjectCache 43 run - update cache from database
2016-05-06  15:28:25 INFO  com.dianru.analysis.boot.util.ReportTimer 18 run - begin report to database...
2016-05-06  15:28:25 INFO  com.dianru.analysis.boot.util.ReportTimer 21 run - count map is empty
2016-05-06  15:28:28 INFO  com.dianru.analysis.boot.util.ObjectCache 43 run - update cache from database
2016-05-06  15:29:25 INFO  com.dianru.analysis.boot.util.ReportTimer 18 run - begin report to database...
2016-05-06  15:29:25 INFO  com.dianru.analysis.boot.util.ReportTimer 21 run - count map is empty
2016-05-06  15:29:28 INFO  com.dianru.analysis.boot.util.ObjectCache 43 run - update cache from database
2016-05-06  15:30:25 INFO  com.dianru.analysis.boot.util.ReportTimer 18 run - begin report to database...
2016-05-06  15:30:25 INFO  com.dianru.analysis.boot.util.ReportTimer 21 run - count map is empty
2016-05-06  15:30:28 INFO  com.dianru.analysis.boot.util.ObjectCache 43 run - update cache from database
2016-05-09  16:09:16 INFO  com.dianru.analysis.store.KeyValueStore 107 testWithTree - read cost:0|put cost:500|value:300
2016-05-09  16:09:32 INFO  com.dianru.analysis.store.KeyValueStore 107 testWithTree - read cost:0|put cost:366|value:300
2016-05-09  16:10:49 INFO  com.dianru.analysis.store.KeyValueStore 107 testWithTree - read cost:0|put cost:373|value:300
2016-05-09  16:12:33 INFO  com.dianru.analysis.store.KeyValueStore 107 testWithTree - read cost:0|put cost:363|value:300
2016-05-09  16:13:43 INFO  com.dianru.analysis.store.KeyValueStore 107 testWithTree - read cost:0|put cost:361|value:300
2016-05-09  16:13:43 INFO  com.dianru.analysis.store.KeyValueStore 107 testWithTree - read cost:0|put cost:153|value:300
2016-05-09  16:15:12 INFO  com.dianru.analysis.store.KeyValueStore 118 testWithTree - read cost:0|put cost:362|value:300
2016-05-09  16:15:12 INFO  com.dianru.analysis.store.KeyValueStore 118 testWithTree - read cost:0|put cost:162|value:300
2016-05-09  16:15:42 INFO  com.dianru.analysis.store.KeyValueStore 118 testWithTree - read cost:0|put cost:371|value:300
2016-05-09  16:15:42 INFO  com.dianru.analysis.store.KeyValueStore 118 testWithTree - read cost:0|put cost:169|value:300
2016-05-09  16:17:11 INFO  com.dianru.analysis.store.KeyValueStore 119 testWithTree - read cost:0|put cost:1072|value:300
2016-05-09  16:17:12 INFO  com.dianru.analysis.store.KeyValueStore 119 testWithTree - read cost:0|put cost:708|value:300
2016-05-09  16:20:03 INFO  com.dianru.analysis.store.KeyValueStore 119 testWithTree - read cost:0|put cost:972|value:300
2016-05-09  16:20:03 INFO  com.dianru.analysis.store.KeyValueStore 119 testWithTree - read cost:0|put cost:762|value:300
2016-05-09  16:22:29 INFO  com.dianru.analysis.store.KeyValueStore 119 testWithTree - read cost:0|put cost:828|value:300
2016-05-09  16:22:30 INFO  com.dianru.analysis.store.KeyValueStore 119 testWithTree - read cost:0|put cost:829|value:300
2016-05-09  16:25:36 INFO  com.dianru.analysis.store.KeyValueStore 120 testWithTree - read cost:0|put cost:354|value:300
2016-05-09  16:25:36 INFO  com.dianru.analysis.store.KeyValueStore 120 testWithTree - read cost:0|put cost:126|value:300
2016-05-09  16:27:20 INFO  com.dianru.analysis.store.KeyValueStore 114 testWithTree - read cost:0|put cost:357|value:300
2016-05-09  16:27:21 INFO  com.dianru.analysis.store.KeyValueStore 114 testWithTree - read cost:0|put cost:45|value:300
2016-05-09  16:30:33 INFO  com.dianru.analysis.store.KeyValueStore 114 testWithTree - read cost:0|put cost:421|value:300
2016-05-09  16:30:34 INFO  com.dianru.analysis.store.KeyValueStore 114 testWithTree - read cost:0|put cost:948|value:300
2016-05-09  16:31:00 INFO  com.dianru.analysis.store.KeyValueStore 114 testWithTree - read cost:0|put cost:368|value:297
2016-05-09  16:31:00 INFO  com.dianru.analysis.store.KeyValueStore 114 testWithTree - read cost:0|put cost:100|value:297
2016-05-09  16:31:47 INFO  com.dianru.analysis.store.KeyValueStore 114 testWithTree - read cost:0|put cost:354|value:297
2016-05-09  16:31:48 INFO  com.dianru.analysis.store.KeyValueStore 114 testWithTree - read cost:0|put cost:956|value:297
2016-05-09  16:36:33 INFO  com.dianru.analysis.store.KeyValueStore 114 testWithTree - read cost:0|put cost:365|value:297
2016-05-09  16:36:33 INFO  com.dianru.analysis.store.KeyValueStore 114 testWithTree - read cost:0|put cost:157|value:297
2016-05-09  16:41:53 INFO  com.dianru.analysis.store.KeyValueStore 115 testWithTree - read cost:1|put cost:998|value:297
2016-05-09  16:42:36 INFO  com.dianru.analysis.store.KeyValueStore 115 testWithTree - read cost:0|put cost:247|value:300
2016-05-09  16:48:41 INFO  com.dianru.analysis.store.KeyValueStore 138 testWithTree - read cost:0|put cost:264|value:297
2016-05-09  16:49:09 INFO  com.dianru.analysis.store.KeyValueStore 138 testWithTree - read cost:0|put cost:1013|value:297
2016-05-09  16:49:41 INFO  com.dianru.analysis.store.KeyValueStore 138 testWithTree - read cost:0|put cost:1109|value:297
2016-05-09  16:51:36 INFO  com.dianru.analysis.store.KeyValueStore 138 testWithTree - read cost:0|put cost:280|value:300
2016-05-09  16:51:57 INFO  com.dianru.analysis.store.KeyValueStore 138 testWithTree - read cost:0|put cost:990|value:300
2016-05-09  16:52:27 INFO  com.dianru.analysis.store.KeyValueStore 138 testWithTree - read cost:0|put cost:268|value:297
2016-05-09  16:52:54 INFO  com.dianru.analysis.store.KeyValueStore 138 testWithTree - read cost:0|put cost:1136|value:297
